INFO: 23:11:15.991113 Авторизован под именем: vpnachos_bot
INFO: 23:11:17.791834 Started to check expiration...
INFO: 23:11:17.804194 10.0.0.4/32 --- 6.96617828927191
INFO: 23:11:17.804243 10.0.0.5/32 --- 8.966178289852385
INFO: 23:11:17.804260 Next checking will be in 24h0m0s...
INFO: 17:15:27.008969 Авторизован под именем: vpnachos_bot
INFO: 17:15:28.702117 Started to check expiration...
INFO: 17:15:28.735161 Next checking will be in 24h0m0s...
INFO: 17:15:49.392857 Авторизован под именем: vpnachos_bot
INFO: 17:15:51.127961 Started to check expiration...
INFO: 17:15:51.135233 Next checking will be in 24h0m0s...
INFO: 17:37:23.366279 Авторизован под именем: vpnachos_bot
INFO: 17:37:25.051500 Started to check expiration...
INFO: 17:37:25.094182 Next checking will be in 24h0m0s...
INFO: 17:47:37.641230 Авторизован под именем: vpnachos_bot
INFO: 17:47:39.371635 Started to check expiration...
INFO: 17:47:39.383368 Next checking will be in 24h0m0s...
INFO: 17:49:17.702439 Авторизован под именем: vpnachos_bot
INFO: 17:49:19.397107 Started to check expiration...
INFO: 17:49:19.403090 Next checking will be in 24h0m0s...
INFO: 17:49:26.136250 3567-egggrmk-2024-12-14-17-49-26
